# JRE version: Java(TM) SE Runtime Environment (8.0_25-b18) (build 1.8.0_25-b18)
# Java VM: Java HotSpot(TM) Client VM (25.25-b02 mixed mode windows-x86 )
Heap:
 def new generation   total 29952K, used 3327K [0x03a00000, 0x05a80000, 0x18f50000)
  eden space 26624K,   0% used [0x03a00000, 0x03a00000, 0x05400000)
  from space 3328K,  99% used [0x05740000, 0x05a7fff8, 0x05a80000)
  to   space 3328K,   0% used [0x05400000, 0x05400000, 0x05740000)
 tenured generation   total 72332K, used 72310K [0x18f50000, 0x1d5f3000, 0x43a00000)
   the space 72332K,  99% used [0x18f50000, 0x1d5edbd8, 0x1d5edc00, 0x1d5f3000)
 Metaspace       used 34196K, capacity 34875K, committed 34944K, reserved 35200K
GC Heap History (10 events):
Event: 5190.206 GC heap after
Heap after GC invocations=115 (full 6):
 def new generation   total 29952K, used 2398K [0x03a00000, 0x05a80000, 0x18f50000)
  eden space 26624K,   0% used [0x03a00000, 0x03a00000, 0x05400000)
  from space 3328K,  72% used [0x05400000, 0x05657918, 0x05740000)
  to   space 3328K,   0% used [0x05740000, 0x05740000, 0x05a80000)
 tenured generation   total 66444K, used 48248K [0x18f50000, 0x1d033000, 0x43a00000)
   the space 66444K,  72% used [0x18f50000, 0x1be6e3c0, 0x1be6e400, 0x1d033000)
 Metaspace       used 33625K, capacity 34195K, committed 34304K, reserved 35200K
}
Event: 5192.206 GC heap before
{Heap before GC invocations=115 (full 6):
 def new generation   total 29952K, used 29022K [0x03a00000, 0x05a80000, 0x18f50000)
  eden space 26624K, 100% used [0x03a00000, 0x05400000, 0x05400000)
  from space 3328K,  72% used [0x05400000, 0x05657918, 0x05740000)
  to   space 3328K,   0% used [0x05740000, 0x05740000, 0x05a80000)
 tenured generation   total 66444K, used 48248K [0x18f50000, 0x1d033000, 0x43a00000)
   the space 66444K,  72% used [0x18f50000, 0x1be6e3c0, 0x1be6e400, 0x1d033000)
 Metaspace       used 34013K, capacity 34655K, committed 34688K, reserved 35200K
Event: 5192.346 GC heap after
Heap after GC invocations=116 (full 6):
 def new generation   total 29952K, used 3004K [0x03a00000, 0x05a80000, 0x18f50000)
  eden space 26624K,   0% used [0x03a00000, 0x03a00000, 0x05400000)
  from space 3328K,  90% used [0x05740000, 0x05a2f108, 0x05a80000)
  to   space 3328K,   0% used [0x05400000, 0x05400000, 0x05740000)
 tenured generation   total 66444K, used 50584K [0x18f50000, 0x1d033000, 0x43a00000)
   the space 66444K,  76% used [0x18f50000, 0x1c0b6148, 0x1c0b6200, 0x1d033000)
 Metaspace       used 34013K, capacity 34655K, committed 34688K, reserved 35200K
}
Event: 5199.145 GC heap before
{Heap before GC invocations=116 (full 6):
 def new generation   total 29952K, used 29628K [0x03a00000, 0x05a80000, 0x18f50000)
  eden space 26624K, 100% used [0x03a00000, 0x05400000, 0x05400000)
  from space 3328K,  90% used [0x05740000, 0x05a2f108, 0x05a80000)
  to   space 3328K,   0% used [0x05400000, 0x05400000, 0x05740000)
 tenured generation   total 66444K, used 50584K [0x18f50000, 0x1d033000, 0x43a00000)
   the space 66444K,  76% used [0x18f50000, 0x1c0b6148, 0x1c0b6200, 0x1d033000)
 Metaspace       used 34145K, capacity 34807K, committed 34816K, reserved 35200K
Event: 5199.525 GC heap after
Heap after GC invocations=117 (full 6):
 def new generation   total 29952K, used 1432K [0x03a00000, 0x05a80000, 0x18f50000)
  eden space 26624K,   0% used [0x03a00000, 0x03a00000, 0x05400000)
  from space 3328K,  43% used [0x05400000, 0x05566358, 0x05740000)
  to   space 3328K,   0% used [0x05740000, 0x05740000, 0x05a80000)
 tenured generation   total 66444K, used 53231K [0x18f50000, 0x1d033000, 0x43a00000)
   the space 66444K,  80% used [0x18f50000, 0x1c34be70, 0x1c34c000, 0x1d033000)
 Metaspace       used 34145K, capacity 34807K, committed 34816K, reserved 35200K
}
Event: 5202.802 GC heap before
{Heap before GC invocations=117 (full 6):
 def new generation   total 29952K, used 28056K [0x03a00000, 0x05a80000, 0x18f50000)
  eden space 26624K, 100% used [0x03a00000, 0x05400000, 0x05400000)
  from space 3328K,  43% used [0x05400000, 0x05566358, 0x05740000)
  to   space 3328K,   0% used [0x05740000, 0x05740000, 0x05a80000)
 tenured generation   total 66444K, used 53231K [0x18f50000, 0x1d033000, 0x43a00000)
   the space 66444K,  80% used [0x18f50000, 0x1c34be70, 0x1c34c000, 0x1d033000)
 Metaspace       used 34145K, capacity 34807K, committed 34816K, reserved 35200K
Event: 5204.113 GC heap after
Heap after GC invocations=118 (full 6):
 def new generation   total 29952K, used 3328K [0x03a00000, 0x05a80000, 0x18f50000)
  eden space 26624K,   0% used [0x03a00000, 0x03a00000, 0x05400000)
  from space 3328K, 100% used [0x05740000, 0x05a80000, 0x05a80000)
  to   space 3328K,   0% used [0x05400000, 0x05400000, 0x05740000)
 tenured generation   total 66444K, used 58049K [0x18f50000, 0x1d033000, 0x43a00000)
   the space 66444K,  87% used [0x18f50000, 0x1c8005b0, 0x1c800600, 0x1d033000)
 Metaspace       used 34145K, capacity 34807K, committed 34816K, reserved 35200K
}
Event: 5205.545 GC heap before
{Heap before GC invocations=118 (full 6):
 def new generation   total 29952K, used 29952K [0x03a00000, 0x05a80000, 0x18f50000)
  eden space 26624K, 100% used [0x03a00000, 0x05400000, 0x05400000)
  from space 3328K, 100% used [0x05740000, 0x05a80000, 0x05a80000)
  to   space 3328K,   0% used [0x05400000, 0x05400000, 0x05740000)
 tenured generation   total 66444K, used 58049K [0x18f50000, 0x1d033000, 0x43a00000)
   the space 66444K,  87% used [0x18f50000, 0x1c8005b0, 0x1c800600, 0x1d033000)
 Metaspace       used 34196K, capacity 34875K, committed 34944K, reserved 35200K
Event: 5205.758 GC heap after
Heap after GC invocations=119 (full 6):
 def new generation   total 29952K, used 3328K [0x03a00000, 0x05a80000, 0x18f50000)
  eden space 26624K,   0% used [0x03a00000, 0x03a00000, 0x05400000)
  from space 3328K, 100% used [0x05400000, 0x05740000, 0x05740000)
  to   space 3328K,   0% used [0x05740000, 0x05740000, 0x05a80000)
 tenured generation   total 66444K, used 65948K [0x18f50000, 0x1d033000, 0x43a00000)
   the space 66444K,  99% used [0x18f50000, 0x1cfb7158, 0x1cfb7200, 0x1d033000)
 Metaspace       used 34196K, capacity 34875K, committed 34944K, reserved 35200K
}
Event: 5206.535 GC heap before
{Heap before GC invocations=119 (full 6):
 def new generation   total 29952K, used 29952K [0x03a00000, 0x05a80000, 0x18f50000)
  eden space 26624K, 100% used [0x03a00000, 0x05400000, 0x05400000)
  from space 3328K, 100% used [0x05400000, 0x05740000, 0x05740000)
  to   space 3328K,   0% used [0x05740000, 0x05740000, 0x05a80000)
 tenured generation   total 66444K, used 65948K [0x18f50000, 0x1d033000, 0x43a00000)
   the space 66444K,  99% used [0x18f50000, 0x1cfb7158, 0x1cfb7200, 0x1d033000)
 Metaspace       used 34196K, capacity 34875K, committed 34944K, reserved 35200K

