# JRE version: Java(TM) SE Runtime Environment (8.0_25-b18) (build 1.8.0_25-b18)
# Java VM: Java HotSpot(TM) Client VM (25.25-b02 mixed mode windows-x86 )
Heap:
 def new generation   total 34240K, used 0K [0x03c00000, 0x06120000, 0x19150000)
  eden space 30464K,   0% used [0x03c00000, 0x03c00000, 0x059c0000)
  from space 3776K,   0% used [0x059c0000, 0x059c0000, 0x05d70000)
  to   space 3776K,   0% used [0x05d70000, 0x05d70000, 0x06120000)
 tenured generation   total 75940K, used 45562K [0x19150000, 0x1db79000, 0x43c00000)
   the space 75940K,  59% used [0x19150000, 0x1bdce968, 0x1bdcea00, 0x1db79000)
 Metaspace       used 37886K, capacity 38645K, committed 39424K, reserved 40320K
GC Heap History (10 events):
Event: 6399.140 GC heap after
Heap after GC invocations=195 (full 7):
 def new generation   total 30720K, used 2786K [0x03c00000, 0x05d50000, 0x19150000)
  eden space 27328K,   0% used [0x03c00000, 0x03c00000, 0x056b0000)
  from space 3392K,  82% used [0x05a00000, 0x05cb8830, 0x05d50000)
  to   space 3392K,   0% used [0x056b0000, 0x056b0000, 0x05a00000)
 tenured generation   total 68156K, used 53334K [0x19150000, 0x1d3df000, 0x43c00000)
   the space 68156K,  78% used [0x19150000, 0x1c565a78, 0x1c565c00, 0x1d3df000)
 Metaspace       used 34912K, capacity 35731K, committed 36224K, reserved 36224K
}
Event: 6405.102 GC heap before
{Heap before GC invocations=195 (full 7):
 def new generation   total 30720K, used 30114K [0x03c00000, 0x05d50000, 0x19150000)
  eden space 27328K, 100% used [0x03c00000, 0x056b0000, 0x056b0000)
  from space 3392K,  82% used [0x05a00000, 0x05cb8830, 0x05d50000)
  to   space 3392K,   0% used [0x056b0000, 0x056b0000, 0x05a00000)
 tenured generation   total 68156K, used 53334K [0x19150000, 0x1d3df000, 0x43c00000)
   the space 68156K,  78% used [0x19150000, 0x1c565a78, 0x1c565c00, 0x1d3df000)
 Metaspace       used 35082K, capacity 35908K, committed 36352K, reserved 37248K
Event: 6406.769 GC heap after
Heap after GC invocations=196 (full 7):
 def new generation   total 30720K, used 2610K [0x03c00000, 0x05d50000, 0x19150000)
  eden space 27328K,   0% used [0x03c00000, 0x03c00000, 0x056b0000)
  from space 3392K,  76% used [0x056b0000, 0x0593cbf8, 0x05a00000)
  to   space 3392K,   0% used [0x05a00000, 0x05a00000, 0x05d50000)
 tenured generation   total 68156K, used 55848K [0x19150000, 0x1d3df000, 0x43c00000)
   the space 68156K,  81% used [0x19150000, 0x1c7da2d0, 0x1c7da400, 0x1d3df000)
 Metaspace       used 35082K, capacity 35908K, committed 36352K, reserved 37248K
}
Event: 6424.772 GC heap before
{Heap before GC invocations=196 (full 7):
 def new generation   total 30720K, used 29938K [0x03c00000, 0x05d50000, 0x19150000)
  eden space 27328K, 100% used [0x03c00000, 0x056b0000, 0x056b0000)
  from space 3392K,  76% used [0x056b0000, 0x0593cbf8, 0x05a00000)
  to   space 3392K,   0% used [0x05a00000, 0x05a00000, 0x05d50000)
 tenured generation   total 68156K, used 55848K [0x19150000, 0x1d3df000, 0x43c00000)
   the space 68156K,  81% used [0x19150000, 0x1c7da2d0, 0x1c7da400, 0x1d3df000)
 Metaspace       used 35244K, capacity 36054K, committed 36480K, reserved 37248K
Event: 6430.255 GC heap after
Heap after GC invocations=197 (full 7):
 def new generation   total 30720K, used 2789K [0x03c00000, 0x05d50000, 0x19150000)
  eden space 27328K,   0% used [0x03c00000, 0x03c00000, 0x056b0000)
  from space 3392K,  82% used [0x05a00000, 0x05cb9750, 0x05d50000)
  to   space 3392K,   0% used [0x056b0000, 0x056b0000, 0x05a00000)
 tenured generation   total 68156K, used 58358K [0x19150000, 0x1d3df000, 0x43c00000)
   the space 68156K,  85% used [0x19150000, 0x1ca4daa0, 0x1ca4dc00, 0x1d3df000)
 Metaspace       used 35244K, capacity 36054K, committed 36480K, reserved 37248K
}
Event: 6461.809 GC heap before
{Heap before GC invocations=197 (full 7):
 def new generation   total 30720K, used 30117K [0x03c00000, 0x05d50000, 0x19150000)
  eden space 27328K, 100% used [0x03c00000, 0x056b0000, 0x056b0000)
  from space 3392K,  82% used [0x05a00000, 0x05cb9750, 0x05d50000)
  to   space 3392K,   0% used [0x056b0000, 0x056b0000, 0x05a00000)
 tenured generation   total 68156K, used 58358K [0x19150000, 0x1d3df000, 0x43c00000)
   the space 68156K,  85% used [0x19150000, 0x1ca4daa0, 0x1ca4dc00, 0x1d3df000)
 Metaspace       used 35688K, capacity 36557K, committed 36864K, reserved 37248K
Event: 6465.019 GC heap after
Heap after GC invocations=198 (full 7):
 def new generation   total 30720K, used 3050K [0x03c00000, 0x05d50000, 0x19150000)
  eden space 27328K,   0% used [0x03c00000, 0x03c00000, 0x056b0000)
  from space 3392K,  89% used [0x056b0000, 0x059aa9e0, 0x05a00000)
  to   space 3392K,   0% used [0x05a00000, 0x05a00000, 0x05d50000)
 tenured generation   total 68156K, used 61105K [0x19150000, 0x1d3df000, 0x43c00000)
   the space 68156K,  89% used [0x19150000, 0x1ccfc410, 0x1ccfc600, 0x1d3df000)
 Metaspace       used 35688K, capacity 36557K, committed 36864K, reserved 37248K
}
Event: 6493.768 GC heap before
{Heap before GC invocations=198 (full 7):
 def new generation   total 30720K, used 30378K [0x03c00000, 0x05d50000, 0x19150000)
  eden space 27328K, 100% used [0x03c00000, 0x056b0000, 0x056b0000)
  from space 3392K,  89% used [0x056b0000, 0x059aa9e0, 0x05a00000)
  to   space 3392K,   0% used [0x05a00000, 0x05a00000, 0x05d50000)
 tenured generation   total 68156K, used 61105K [0x19150000, 0x1d3df000, 0x43c00000)
   the space 68156K,  89% used [0x19150000, 0x1ccfc410, 0x1ccfc600, 0x1d3df000)
 Metaspace       used 35905K, capacity 36844K, committed 37120K, reserved 37248K
Event: 6494.667 GC heap after
Heap after GC invocations=199 (full 7):
 def new generation   total 30720K, used 996K [0x03c00000, 0x05d50000, 0x19150000)
  eden space 27328K,   0% used [0x03c00000, 0x03c00000, 0x056b0000)
  from space 3392K,  29% used [0x05a00000, 0x05af92e8, 0x05d50000)
  to   space 3392K,   0% used [0x056b0000, 0x056b0000, 0x05a00000)
 tenured generation   total 68156K, used 63693K [0x19150000, 0x1d3df000, 0x43c00000)
   the space 68156K,  93% used [0x19150000, 0x1cf83530, 0x1cf83600, 0x1d3df000)
 Metaspace       used 35905K, capacity 36844K, committed 37120K, reserved 37248K
}
Event: 6525.134 GC heap before
{Heap before GC invocations=199 (full 7):
 def new generation   total 30720K, used 28324K [0x03c00000, 0x05d50000, 0x19150000)
  eden space 27328K, 100% used [0x03c00000, 0x056b0000, 0x056b0000)
  from space 3392K,  29% used [0x05a00000, 0x05af92e8, 0x05d50000)
  to   space 3392K,   0% used [0x056b0000, 0x056b0000, 0x05a00000)
 tenured generation   total 68156K, used 63693K [0x19150000, 0x1d3df000, 0x43c00000)
   the space 68156K,  93% used [0x19150000, 0x1cf83530, 0x1cf83600, 0x1d3df000)
 Metaspace       used 38162K, capacity 39084K, committed 39424K, reserved 40320K

