# JRE version: Java(TM) SE Runtime Environment (8.0_25-b18) (build 1.8.0_25-b18)
# Java VM: Java HotSpot(TM) Client VM (25.25-b02 mixed mode windows-x86 )
Heap:
 def new generation   total 43776K, used 3586K [0x04000000, 0x06f80000, 0x19550000)
  eden space 38912K,   0% used [0x04000000, 0x04000000, 0x06600000)
  from space 4864K,  73% used [0x06600000, 0x06980b38, 0x06ac0000)
  to   space 4864K,   0% used [0x06ac0000, 0x06ac0000, 0x06f80000)
 tenured generation   total 101304K, used 101286K [0x19550000, 0x1f83e000, 0x44000000)
   the space 101304K,  99% used [0x19550000, 0x1f839be0, 0x1f839c00, 0x1f83e000)
 Metaspace       used 44433K, capacity 45428K, committed 45440K, reserved 45440K
GC Heap History (10 events):
Event: 4426.346 GC heap after
Heap after GC invocations=133 (full 10):
 def new generation   total 43776K, used 3774K [0x04000000, 0x06f80000, 0x19550000)
  eden space 38912K,   0% used [0x04000000, 0x04000000, 0x06600000)
  from space 4864K,  77% used [0x06ac0000, 0x06e6f9a8, 0x06f80000)
  to   space 4864K,   0% used [0x06600000, 0x06600000, 0x06ac0000)
 tenured generation   total 97204K, used 67408K [0x19550000, 0x1f43d000, 0x44000000)
   the space 97204K,  69% used [0x19550000, 0x1d724068, 0x1d724200, 0x1f43d000)
 Metaspace       used 43707K, capacity 44625K, committed 44672K, reserved 45440K
}
Event: 4427.812 GC heap before
{Heap before GC invocations=133 (full 10):
 def new generation   total 43776K, used 42686K [0x04000000, 0x06f80000, 0x19550000)
  eden space 38912K, 100% used [0x04000000, 0x06600000, 0x06600000)
  from space 4864K,  77% used [0x06ac0000, 0x06e6f9a8, 0x06f80000)
  to   space 4864K,   0% used [0x06600000, 0x06600000, 0x06ac0000)
 tenured generation   total 97204K, used 67408K [0x19550000, 0x1f43d000, 0x44000000)
   the space 97204K,  69% used [0x19550000, 0x1d724068, 0x1d724200, 0x1f43d000)
 Metaspace       used 44017K, capacity 44926K, committed 45056K, reserved 45440K
Event: 4427.975 GC heap after
Heap after GC invocations=134 (full 10):
 def new generation   total 43776K, used 4161K [0x04000000, 0x06f80000, 0x19550000)
  eden space 38912K,   0% used [0x04000000, 0x04000000, 0x06600000)
  from space 4864K,  85% used [0x06600000, 0x06a10620, 0x06ac0000)
  to   space 4864K,   0% used [0x06ac0000, 0x06ac0000, 0x06f80000)
 tenured generation   total 97204K, used 71125K [0x19550000, 0x1f43d000, 0x44000000)
   the space 97204K,  73% used [0x19550000, 0x1dac5470, 0x1dac5600, 0x1f43d000)
 Metaspace       used 44017K, capacity 44926K, committed 45056K, reserved 45440K
}
Event: 4436.392 GC heap before
{Heap before GC invocations=134 (full 10):
 def new generation   total 43776K, used 42368K [0x04000000, 0x06f80000, 0x19550000)
  eden space 38912K,  98% used [0x04000000, 0x0654fa88, 0x06600000)
  from space 4864K,  85% used [0x06600000, 0x06a10620, 0x06ac0000)
  to   space 4864K,   0% used [0x06ac0000, 0x06ac0000, 0x06f80000)
 tenured generation   total 97204K, used 71125K [0x19550000, 0x1f43d000, 0x44000000)
   the space 97204K,  73% used [0x19550000, 0x1dac5470, 0x1dac5600, 0x1f43d000)
 Metaspace       used 44285K, capacity 45245K, committed 45312K, reserved 45440K
Event: 4437.128 GC heap after
Heap after GC invocations=135 (full 10):
 def new generation   total 43776K, used 4864K [0x04000000, 0x06f80000, 0x19550000)
  eden space 38912K,   0% used [0x04000000, 0x04000000, 0x06600000)
  from space 4864K, 100% used [0x06ac0000, 0x06f80000, 0x06f80000)
  to   space 4864K,   0% used [0x06600000, 0x06600000, 0x06ac0000)
 tenured generation   total 97204K, used 77457K [0x19550000, 0x1f43d000, 0x44000000)
   the space 97204K,  79% used [0x19550000, 0x1e0f45a8, 0x1e0f4600, 0x1f43d000)
 Metaspace       used 44285K, capacity 45245K, committed 45312K, reserved 45440K
}
Event: 4441.180 GC heap before
{Heap before GC invocations=135 (full 10):
 def new generation   total 43776K, used 43776K [0x04000000, 0x06f80000, 0x19550000)
  eden space 38912K, 100% used [0x04000000, 0x06600000, 0x06600000)
  from space 4864K, 100% used [0x06ac0000, 0x06f80000, 0x06f80000)
  to   space 4864K,   0% used [0x06600000, 0x06600000, 0x06ac0000)
 tenured generation   total 97204K, used 77457K [0x19550000, 0x1f43d000, 0x44000000)
   the space 97204K,  79% used [0x19550000, 0x1e0f45a8, 0x1e0f4600, 0x1f43d000)
 Metaspace       used 44337K, capacity 45313K, committed 45440K, reserved 45440K
Event: 4441.753 GC heap after
Heap after GC invocations=136 (full 10):
 def new generation   total 43776K, used 4864K [0x04000000, 0x06f80000, 0x19550000)
  eden space 38912K,   0% used [0x04000000, 0x04000000, 0x06600000)
  from space 4864K, 100% used [0x06600000, 0x06ac0000, 0x06ac0000)
  to   space 4864K,   0% used [0x06ac0000, 0x06ac0000, 0x06f80000)
 tenured generation   total 97204K, used 85911K [0x19550000, 0x1f43d000, 0x44000000)
   the space 97204K,  88% used [0x19550000, 0x1e935c28, 0x1e935e00, 0x1f43d000)
 Metaspace       used 44337K, capacity 45313K, committed 45440K, reserved 45440K
}
Event: 4442.535 GC heap before
{Heap before GC invocations=136 (full 10):
 def new generation   total 43776K, used 43776K [0x04000000, 0x06f80000, 0x19550000)
  eden space 38912K, 100% used [0x04000000, 0x06600000, 0x06600000)
  from space 4864K, 100% used [0x06600000, 0x06ac0000, 0x06ac0000)
  to   space 4864K,   0% used [0x06ac0000, 0x06ac0000, 0x06f80000)
 tenured generation   total 97204K, used 85911K [0x19550000, 0x1f43d000, 0x44000000)
   the space 97204K,  88% used [0x19550000, 0x1e935c28, 0x1e935e00, 0x1f43d000)
 Metaspace       used 44337K, capacity 45313K, committed 45440K, reserved 45440K
Event: 4442.946 GC heap after
Heap after GC invocations=137 (full 10):
 def new generation   total 43776K, used 4864K [0x04000000, 0x06f80000, 0x19550000)
  eden space 38912K,   0% used [0x04000000, 0x04000000, 0x06600000)
  from space 4864K, 100% used [0x06ac0000, 0x06f80000, 0x06f80000)
  to   space 4864K,   0% used [0x06600000, 0x06600000, 0x06ac0000)
 tenured generation   total 97204K, used 96523K [0x19550000, 0x1f43d000, 0x44000000)
   the space 97204K,  99% used [0x19550000, 0x1f392eb8, 0x1f393000, 0x1f43d000)
 Metaspace       used 44337K, capacity 45313K, committed 45440K, reserved 45440K
}
Event: 4500.872 GC heap before
{Heap before GC invocations=137 (full 10):
 def new generation   total 43776K, used 43776K [0x04000000, 0x06f80000, 0x19550000)
  eden space 38912K, 100% used [0x04000000, 0x06600000, 0x06600000)
  from space 4864K, 100% used [0x06ac0000, 0x06f80000, 0x06f80000)
  to   space 4864K,   0% used [0x06600000, 0x06600000, 0x06ac0000)
 tenured generation   total 97204K, used 96523K [0x19550000, 0x1f43d000, 0x44000000)
   the space 97204K,  99% used [0x19550000, 0x1f392eb8, 0x1f393000, 0x1f43d000)
 Metaspace       used 44433K, capacity 45428K, committed 45440K, reserved 45440K

